cl : Command line warning D9002: ignoring unknown option '/arch:SSE2'
  NNTrainer.cpp
c1xx : warning C4199: two-phase name lookup is not supported for C++/CLI, C++/CX, or OpenMP; use /Zc:twoPhase-
c:\users\mansa\source\repos\gyarbetenn\gyarbetenn\pentagoai\pentagoai\eigen-master\eigen\src\core\arch\default\half.h : warning C4819: The file contains a character that cannot be represented in the current code page (932). Save the file in Unicode format to prevent data loss
c:\users\mansa\source\repos\gyarbetenn\gyarbetenn\pentagoai\pentagoai\eigen-master\eigen\src\core\arch\default\bfloat16.h : warning C4819: The file contains a character that cannot be represented in the current code page (932). Save the file in Unicode format to prevent data loss
c:\users\mansa\source\repos\gyarbetenn\gyarbetenn\pentagoai\pentagoai\nntrainer.cpp(27): warning C4244: 'initializing': conversion from 'double' to 'float', possible loss of data
  PlayGame.cpp
c1xx : warning C4199: two-phase name lookup is not supported for C++/CLI, C++/CX, or OpenMP; use /Zc:twoPhase-
c:\users\mansa\source\repos\gyarbetenn\gyarbetenn\pentagoai\pentagoai\eigen-master\eigen\src\core\arch\default\half.h : warning C4819: The file contains a character that cannot be represented in the current code page (932). Save the file in Unicode format to prevent data loss
c:\users\mansa\source\repos\gyarbetenn\gyarbetenn\pentagoai\pentagoai\eigen-master\eigen\src\core\arch\default\bfloat16.h : warning C4819: The file contains a character that cannot be represented in the current code page (932). Save the file in Unicode format to prevent data loss
c:\users\mansa\source\repos\gyarbetenn\gyarbetenn\pentagoai\pentagoai\playgame.cpp(114): warning C4566: character represented by universal-character-name '\u00E4' cannot be represented in the current code page (932)
c:\users\mansa\source\repos\gyarbetenn\gyarbetenn\pentagoai\pentagoai\playgame.cpp(167): warning C4244: 'initializing': conversion from 'uint64_t' to 'long', possible loss of data
c:\users\mansa\source\repos\gyarbetenn\gyarbetenn\pentagoai\pentagoai\playgame.cpp(173): warning C4244: 'initializing': conversion from 'uint64_t' to 'long', possible loss of data
c:\users\mansa\source\repos\gyarbetenn\gyarbetenn\pentagoai\pentagoai\playgame.cpp(176): warning C4566: character represented by universal-character-name '\u00E5' cannot be represented in the current code page (932)
c:\users\mansa\source\repos\gyarbetenn\gyarbetenn\pentagoai\pentagoai\playgame.cpp(176): warning C4566: character represented by universal-character-name '\u00C4' cannot be represented in the current code page (932)
c:\users\mansa\source\repos\gyarbetenn\gyarbetenn\pentagoai\pentagoai\playgame.cpp(243): warning C4566: character represented by universal-character-name '\u00E4' cannot be represented in the current code page (932)
c:\users\mansa\source\repos\gyarbetenn\gyarbetenn\pentagoai\pentagoai\playgame.cpp(243): warning C4566: character represented by universal-character-name '\u00F6' cannot be represented in the current code page (932)
c:\users\mansa\source\repos\gyarbetenn\gyarbetenn\pentagoai\pentagoai\playgame.cpp(243): warning C4566: character represented by universal-character-name '\u00E5' cannot be represented in the current code page (932)
  main.cpp
c1xx : warning C4199: two-phase name lookup is not supported for C++/CLI, C++/CX, or OpenMP; use /Zc:twoPhase-
c:\users\mansa\source\repos\gyarbetenn\gyarbetenn\pentagoai\pentagoai\eigen-master\eigen\src\core\arch\default\half.h : warning C4819: The file contains a character that cannot be represented in the current code page (932). Save the file in Unicode format to prevent data loss
c:\users\mansa\source\repos\gyarbetenn\gyarbetenn\pentagoai\pentagoai\eigen-master\eigen\src\core\arch\default\bfloat16.h : warning C4819: The file contains a character that cannot be represented in the current code page (932). Save the file in Unicode format to prevent data loss
  Generating Code...
  PentagoAI.vcxproj -> C:\Users\mansa\source\repos\gyarbeteNN\gyarbeteNN\PentagoAI\x64\Debug\PentagoAI.exe
