cl : Command line warning D9002: ignoring unknown option '/arch:SSE2'
  GUI.cpp
c1xx : warning C4199: two-phase name lookup is not supported for C++/CLI, C++/CX, or OpenMP; use /Zc:twoPhase-
c:\users\mansa\source\repos\gyarbetenn\gyarbetenn\pentagoai\pentagoai\gui.cpp(22): warning C4244: 'argument': conversion from 'int' to 'T', possible loss of data
          with
          [
              T=float
          ]
c:\users\mansa\source\repos\gyarbetenn\gyarbetenn\pentagoai\pentagoai\gui.cpp(33): warning C4244: 'argument': conversion from 'int' to 'T', possible loss of data
          with
          [
              T=float
          ]
c:\users\mansa\source\repos\gyarbetenn\gyarbetenn\pentagoai\pentagoai\gui.cpp(34): warning C4244: 'argument': conversion from 'int' to 'T', possible loss of data
          with
          [
              T=float
          ]
c:\users\mansa\source\repos\gyarbetenn\gyarbetenn\pentagoai\pentagoai\gui.cpp(41): warning C4244: 'argument': conversion from 'int' to 'T', possible loss of data
          with
          [
              T=float
          ]
c:\users\mansa\source\repos\gyarbetenn\gyarbetenn\pentagoai\pentagoai\gui.cpp(42): warning C4244: 'argument': conversion from 'int' to 'T', possible loss of data
          with
          [
              T=float
          ]
  Generating code
  4 of 1081 functions ( 0.4%) were compiled, the rest were copied from previous compilation.
    0 functions were new in current compilation
    0 functions had inline decision re-evaluated but remain unchanged
  Finished generating code
  PentagoAI.vcxproj -> C:\Users\mansa\source\repos\gyarbeteNN\gyarbeteNN\PentagoAI\x64\Release\PentagoAI.exe
